<?xml version="1.0" encoding="UTF-8"?>
<testsuite name="com.trial.prince.web.Dto.HelloResponseDtoTest" tests="1" skipped="0" failures="0" errors="0" timestamp="2021-03-11T05:23:55" hostname="DESKTOP-EGMHIVU" time="0.005">
  <properties/>
  <testcase name="롬북테스트" classname="com.trial.prince.web.Dto.HelloResponseDtoTest" time="0.005"/>
  <system-out><![CDATA[]]></system-out>
  <system-err><![CDATA[]]></system-err>
</testsuite>
