<?xml version="1.0" encoding="UTF-8"?>
<testsuite name="com.trial.prince.web.IndexControllerTest" tests="1" skipped="0" failures="0" errors="0" timestamp="2021-03-09T08:15:53" hostname="DESKTOP-EGMHIVU" time="0.196">
  <properties/>
  <testcase name="메인페이지로딩" classname="com.trial.prince.web.IndexControllerTest" time="0.196"/>
  <system-out><![CDATA[2021-03-09 17:15:53.385  INFO 20044 --- [    Test worker] .b.t.c.SpringBootTestContextBootstrapper : Neither @ContextConfiguration nor @ContextHierarchy found for test class [com.trial.prince.web.IndexControllerTest], using SpringBootContextLoader
2021-03-09 17:15:53.386  INFO 20044 --- [    Test worker] o.s.t.c.support.AbstractContextLoader    : Could not detect default resource locations for test class [com.trial.prince.web.IndexControllerTest]: no resource found for suffixes {-context.xml, Context.groovy}.
2021-03-09 17:15:53.388  INFO 20044 --- [    Test worker] t.c.s.AnnotationConfigContextLoaderUtils : Could not detect default configuration classes for test class [com.trial.prince.web.IndexControllerTest]: IndexControllerTest does not declare any static, non-private, non-final, nested classes annotated with @Configuration.
2021-03-09 17:15:53.390  INFO 20044 --- [    Test worker] .b.t.c.SpringBootTestContextBootstrapper : Found @SpringBootConfiguration com.trial.prince.Application for test class com.trial.prince.web.IndexControllerTest
2021-03-09 17:15:53.391  INFO 20044 --- [    Test worker] .b.t.c.SpringBootTestContextBootstrapper : Loaded default TestExecutionListener class names from location [META-INF/spring.factories]: [org.springframework.security.test.context.support.WithSecurityContextTestExecutionListener, org.springframework.security.test.context.support.ReactorContextTestExecutionListener, org.springframework.boot.test.autoconfigure.restdocs.RestDocsTestExecutionListener, org.springframework.boot.test.autoconfigure.web.client.MockRestServiceServerResetTestExecutionListener, org.springframework.boot.test.autoconfigure.web.servlet.MockMvcPrintOnlyOnFailureTestExecutionListener, org.springframework.boot.test.autoconfigure.web.servlet.WebDriverTestExecutionListener, org.springframework.boot.test.mock.mockito.MockitoTestExecutionListener, org.springframework.boot.test.mock.mockito.ResetMocksTestExecutionListener, org.springframework.test.context.web.ServletTestExecutionListener, org.springframework.test.context.support.DirtiesContextBeforeModesTestExecutionListener, org.springframework.test.context.support.DependencyInjectionTestExecutionListener, org.springframework.test.context.support.DirtiesContextTestExecutionListener, org.springframework.test.context.transaction.TransactionalTestExecutionListener, org.springframework.test.context.jdbc.SqlScriptsTestExecutionListener]
2021-03-09 17:15:53.392  INFO 20044 --- [    Test worker] .b.t.c.SpringBootTestContextBootstrapper : Using TestExecutionListeners: [org.springframework.test.context.web.ServletTestExecutionListener@11fe510b, org.springframework.test.context.support.DirtiesContextBeforeModesTestExecutionListener@632fd047, org.springframework.boot.test.mock.mockito.MockitoTestExecutionListener@4603f19d, org.springframework.boot.test.autoconfigure.SpringBootDependencyInjectionTestExecutionListener@21a621ec, org.springframework.test.context.support.DirtiesContextTestExecutionListener@42334ada, org.springframework.test.context.transaction.TransactionalTestExecutionListener@5f830733, org.springframework.test.context.jdbc.SqlScriptsTestExecutionListener@6559a47, org.springframework.security.test.context.support.WithSecurityContextTestExecutionListener@166c7220, org.springframework.security.test.context.support.ReactorContextTestExecutionListener@4ed19fad, org.springframework.boot.test.autoconfigure.restdocs.RestDocsTestExecutionListener@92cb3db, org.springframework.boot.test.autoconfigure.web.client.MockRestServiceServerResetTestExecutionListener@2301971b, org.springframework.boot.test.autoconfigure.web.servlet.MockMvcPrintOnlyOnFailureTestExecutionListener@56090c29, org.springframework.boot.test.autoconfigure.web.servlet.WebDriverTestExecutionListener@14e7ddb2, org.springframework.boot.test.mock.mockito.ResetMocksTestExecutionListener@7839169e]
2021-03-09 17:15:53.497  INFO 20044 --- [o-auto-1-exec-2] o.a.c.c.C.[Tomcat].[localhost].[/]       : Initializing Spring DispatcherServlet 'dispatcherServlet'
2021-03-09 17:15:53.497  INFO 20044 --- [o-auto-1-exec-2] o.s.web.servlet.DispatcherServlet        : Initializing Servlet 'dispatcherServlet'
2021-03-09 17:15:53.502  INFO 20044 --- [o-auto-1-exec-2] o.s.web.servlet.DispatcherServlet        : Completed initialization in 5 ms
Hibernate: select posts0_.id as id1_0_, posts0_.created_date as created_2_0_, posts0_.modified_date as modified3_0_, posts0_.author as author4_0_, posts0_.content as content5_0_, posts0_.title as title6_0_ from posts posts0_ order by posts0_.id DESC
]]></system-out>
  <system-err><![CDATA[]]></system-err>
</testsuite>
