<?xml version="1.0" encoding="UTF-8"?>
<testsuite name="com.trial.prince.domain.posts.PostsRepositoryTest" tests="2" skipped="0" failures="0" errors="0" timestamp="2021-03-10T04:18:07" hostname="DESKTOP-EGMHIVU" time="0.22">
  <properties/>
  <testcase name="게시글저장_불러오기" classname="com.trial.prince.domain.posts.PostsRepositoryTest" time="0.207"/>
  <testcase name="BaseTimeEntity등록" classname="com.trial.prince.domain.posts.PostsRepositoryTest" time="0.012"/>
  <system-out><![CDATA[2021-03-10 13:18:03.552  INFO 1136 --- [    Test worker] .b.t.c.SpringBootTestContextBootstrapper : Neither @ContextConfiguration nor @ContextHierarchy found for test class [com.trial.prince.domain.posts.PostsRepositoryTest], using SpringBootContextLoader
2021-03-10 13:18:03.552  INFO 1136 --- [    Test worker] o.s.t.c.support.AbstractContextLoader    : Could not detect default resource locations for test class [com.trial.prince.domain.posts.PostsRepositoryTest]: no resource found for suffixes {-context.xml, Context.groovy}.
2021-03-10 13:18:03.553  INFO 1136 --- [    Test worker] t.c.s.AnnotationConfigContextLoaderUtils : Could not detect default configuration classes for test class [com.trial.prince.domain.posts.PostsRepositoryTest]: PostsRepositoryTest does not declare any static, non-private, non-final, nested classes annotated with @Configuration.
2021-03-10 13:18:03.560  INFO 1136 --- [    Test worker] .b.t.c.SpringBootTestContextBootstrapper : Found @SpringBootConfiguration com.trial.prince.Application for test class com.trial.prince.domain.posts.PostsRepositoryTest
2021-03-10 13:18:03.562  INFO 1136 --- [    Test worker] .b.t.c.SpringBootTestContextBootstrapper : Loaded default TestExecutionListener class names from location [META-INF/spring.factories]: [org.springframework.security.test.context.support.WithSecurityContextTestExecutionListener, org.springframework.security.test.context.support.ReactorContextTestExecutionListener, org.springframework.boot.test.autoconfigure.restdocs.RestDocsTestExecutionListener, org.springframework.boot.test.autoconfigure.web.client.MockRestServiceServerResetTestExecutionListener, org.springframework.boot.test.autoconfigure.web.servlet.MockMvcPrintOnlyOnFailureTestExecutionListener, org.springframework.boot.test.autoconfigure.web.servlet.WebDriverTestExecutionListener, org.springframework.boot.test.mock.mockito.MockitoTestExecutionListener, org.springframework.boot.test.mock.mockito.ResetMocksTestExecutionListener, org.springframework.test.context.web.ServletTestExecutionListener, org.springframework.test.context.support.DirtiesContextBeforeModesTestExecutionListener, org.springframework.test.context.support.DependencyInjectionTestExecutionListener, org.springframework.test.context.support.DirtiesContextTestExecutionListener, org.springframework.test.context.transaction.TransactionalTestExecutionListener, org.springframework.test.context.jdbc.SqlScriptsTestExecutionListener]
2021-03-10 13:18:03.563  INFO 1136 --- [    Test worker] .b.t.c.SpringBootTestContextBootstrapper : Using TestExecutionListeners: [org.springframework.test.context.web.ServletTestExecutionListener@3825de58, org.springframework.test.context.support.DirtiesContextBeforeModesTestExecutionListener@5ac8f241, org.springframework.boot.test.mock.mockito.MockitoTestExecutionListener@e2a3442, org.springframework.boot.test.autoconfigure.SpringBootDependencyInjectionTestExecutionListener@2dd3a801, org.springframework.test.context.support.DirtiesContextTestExecutionListener@3b9274fd, org.springframework.test.context.transaction.TransactionalTestExecutionListener@2655d334, org.springframework.test.context.jdbc.SqlScriptsTestExecutionListener@79026b98, org.springframework.security.test.context.support.WithSecurityContextTestExecutionListener@49a15719, org.springframework.security.test.context.support.ReactorContextTestExecutionListener@613cf74c, org.springframework.boot.test.autoconfigure.restdocs.RestDocsTestExecutionListener@69f8542c, org.springframework.boot.test.autoconfigure.web.client.MockRestServiceServerResetTestExecutionListener@3ccbc20, org.springframework.boot.test.autoconfigure.web.servlet.MockMvcPrintOnlyOnFailureTestExecutionListener@40962adf, org.springframework.boot.test.autoconfigure.web.servlet.WebDriverTestExecutionListener@46162316, org.springframework.boot.test.mock.mockito.ResetMocksTestExecutionListener@6d6456cc]

  .   ____          _            __ _ _
 /\\ / ___'_ __ _ _(_)_ __  __ _ \ \ \ \
( ( )\___ | '_ | '_| | '_ \/ _` | \ \ \ \
 \\/  ___)| |_)| | | | | || (_| |  ) ) ) )
  '  |____| .__|_| |_|_| |_\__, | / / / /
 =========|_|==============|___/=/_/_/_/
 :: Spring Boot ::        (v2.1.7.RELEASE)

2021-03-10 13:18:03.585  INFO 1136 --- [    Test worker] c.t.p.domain.posts.PostsRepositoryTest   : Starting PostsRepositoryTest on DESKTOP-EGMHIVU with PID 1136 (started by user in D:\Trial)
2021-03-10 13:18:03.586  INFO 1136 --- [    Test worker] c.t.p.domain.posts.PostsRepositoryTest   : No active profile set, falling back to default profiles: default
2021-03-10 13:18:03.990  INFO 1136 --- [    Test worker] .s.d.r.c.RepositoryConfigurationDelegate : Bootstrapping Spring Data repositories in DEFAULT mode.
2021-03-10 13:18:04.060  INFO 1136 --- [    Test worker] .s.d.r.c.RepositoryConfigurationDelegate : Finished Spring Data repository scanning in 60ms. Found 2 repository interfaces.
2021-03-10 13:18:04.343  INFO 1136 --- [    Test worker] trationDelegate$BeanPostProcessorChecker : Bean 'org.springframework.transaction.annotation.ProxyTransactionManagementConfiguration' of type [org.springframework.transaction.annotation.ProxyTransactionManagementConfiguration$$EnhancerBySpringCGLIB$$35b394c9] is not eligible for getting processed by all BeanPostProcessors (for example: not eligible for auto-proxying)
2021-03-10 13:18:04.532  INFO 1136 --- [    Test worker] com.zaxxer.hikari.HikariDataSource       : HikariPool-1 - Starting...
2021-03-10 13:18:04.729  INFO 1136 --- [    Test worker] com.zaxxer.hikari.HikariDataSource       : HikariPool-1 - Start completed.
2021-03-10 13:18:04.823  INFO 1136 --- [    Test worker] o.hibernate.jpa.internal.util.LogHelper  : HHH000204: Processing PersistenceUnitInfo [
	name: default
	...]
2021-03-10 13:18:04.918  INFO 1136 --- [    Test worker] org.hibernate.Version                    : HHH000412: Hibernate Core {5.3.10.Final}
2021-03-10 13:18:04.921  INFO 1136 --- [    Test worker] org.hibernate.cfg.Environment            : HHH000206: hibernate.properties not found
2021-03-10 13:18:04.992  INFO 1136 --- [    Test worker] o.hibernate.annotations.common.Version   : HCANN000001: Hibernate Commons Annotations {5.0.4.Final}
2021-03-10 13:18:05.183  INFO 1136 --- [    Test worker] org.hibernate.dialect.Dialect            : HHH000400: Using dialect: org.hibernate.dialect.MySQL5InnoDBDialect
Hibernate: drop table if exists posts
Hibernate: drop table if exists user
Hibernate: create table posts (id bigint not null auto_increment, created_date datetime, modified_date datetime, author varchar(255), content TEXT not null, title varchar(500) not null, primary key (id)) engine=InnoDB
Hibernate: create table user (id bigint not null auto_increment, created_date datetime, modified_date datetime, email varchar(255) not null, name varchar(255) not null, picture varchar(255), role varchar(255) not null, primary key (id)) engine=InnoDB
2021-03-10 13:18:06.144  INFO 1136 --- [    Test worker] o.h.t.schema.internal.SchemaCreatorImpl  : HHH000476: Executing import script 'org.hibernate.tool.schema.internal.exec.ScriptSourceInputNonExistentImpl@57f7622'
2021-03-10 13:18:06.147  INFO 1136 --- [    Test worker] j.LocalContainerEntityManagerFactoryBean : Initialized JPA EntityManagerFactory for persistence unit 'default'
2021-03-10 13:18:06.694  INFO 1136 --- [    Test worker] o.h.h.i.QueryTranslatorFactoryInitiator  : HHH000397: Using ASTQueryTranslatorFactory
2021-03-10 13:18:07.049  INFO 1136 --- [    Test worker] o.s.s.web.DefaultSecurityFilterChain     : Creating filter chain: any request, [org.springframework.security.web.context.request.async.WebAsyncManagerIntegrationFilter@7d407c58, org.springframework.security.web.context.SecurityContextPersistenceFilter@23053e90, org.springframework.security.web.header.HeaderWriterFilter@3e586932, org.springframework.security.web.authentication.logout.LogoutFilter@583ae3ee, org.springframework.security.oauth2.client.web.OAuth2AuthorizationRequestRedirectFilter@6fcfb2c, org.springframework.security.oauth2.client.web.OAuth2LoginAuthenticationFilter@390e7496, org.springframework.security.web.authentication.ui.DefaultLoginPageGeneratingFilter@5241b688, org.springframework.security.web.authentication.ui.DefaultLogoutPageGeneratingFilter@3603cee6, org.springframework.security.web.savedrequest.RequestCacheAwareFilter@33b6ac23, org.springframework.security.web.servletapi.SecurityContextHolderAwareRequestFilter@4eda529e, org.springframework.security.web.authentication.AnonymousAuthenticationFilter@7ce3a674, org.springframework.security.web.session.SessionManagementFilter@a92c2b7, org.springframework.security.web.access.ExceptionTranslationFilter@740c95f6, org.springframework.security.web.access.intercept.FilterSecurityInterceptor@3baa21a7]
2021-03-10 13:18:07.448  INFO 1136 --- [    Test worker] o.s.s.concurrent.ThreadPoolTaskExecutor  : Initializing ExecutorService 'applicationTaskExecutor'
2021-03-10 13:18:07.465  WARN 1136 --- [    Test worker] aWebConfiguration$JpaWebMvcConfiguration : spring.jpa.open-in-view is enabled by default. Therefore, database queries may be performed during view rendering. Explicitly configure spring.jpa.open-in-view to disable this warning
2021-03-10 13:18:07.498  INFO 1136 --- [    Test worker] o.s.b.a.w.s.WelcomePageHandlerMapping    : Adding welcome page template: index
2021-03-10 13:18:07.956  INFO 1136 --- [    Test worker] s.a.ScheduledAnnotationBeanPostProcessor : No TaskScheduler/ScheduledExecutorService bean found for scheduled processing
2021-03-10 13:18:07.966  INFO 1136 --- [    Test worker] c.t.p.domain.posts.PostsRepositoryTest   : Started PostsRepositoryTest in 4.401 seconds (JVM running for 8.387)
Hibernate: insert into posts (created_date, modified_date, author, content, title) values (?, ?, ?, ?, ?)
Hibernate: select posts0_.id as id1_0_, posts0_.created_date as created_2_0_, posts0_.modified_date as modified3_0_, posts0_.author as author4_0_, posts0_.content as content5_0_, posts0_.title as title6_0_ from posts posts0_
Hibernate: select posts0_.id as id1_0_, posts0_.created_date as created_2_0_, posts0_.modified_date as modified3_0_, posts0_.author as author4_0_, posts0_.content as content5_0_, posts0_.title as title6_0_ from posts posts0_
Hibernate: delete from posts where id=?
Hibernate: insert into posts (created_date, modified_date, author, content, title) values (?, ?, ?, ?, ?)
Hibernate: select posts0_.id as id1_0_, posts0_.created_date as created_2_0_, posts0_.modified_date as modified3_0_, posts0_.author as author4_0_, posts0_.content as content5_0_, posts0_.title as title6_0_ from posts posts0_
>>>>>>>>> createDate=2021-03-10T13:18:08.182, modifiedDate=2021-03-10T13:18:08.182
Hibernate: select posts0_.id as id1_0_, posts0_.created_date as created_2_0_, posts0_.modified_date as modified3_0_, posts0_.author as author4_0_, posts0_.content as content5_0_, posts0_.title as title6_0_ from posts posts0_
Hibernate: delete from posts where id=?
]]></system-out>
  <system-err><![CDATA[]]></system-err>
</testsuite>
