<?xml version="1.0" encoding="UTF-8"?>
<testsuite name="com.trial.prince.web.HelloControllerTest" tests="2" skipped="0" failures="0" errors="0" timestamp="2021-03-10T04:18:03" hostname="DESKTOP-EGMHIVU" time="0.293">
  <properties/>
  <testcase name="helloDto리턴" classname="com.trial.prince.web.HelloControllerTest" time="0.285"/>
  <testcase name="hello리턴" classname="com.trial.prince.web.HelloControllerTest" time="0.007"/>
  <system-out><![CDATA[13:18:00.340 [Test worker] DEBUG org.springframework.test.context.junit4.SpringJUnit4ClassRunner - SpringJUnit4ClassRunner constructor called with [class com.trial.prince.web.HelloControllerTest]
13:18:00.348 [Test worker] DEBUG org.springframework.test.context.BootstrapUtils - Instantiating CacheAwareContextLoaderDelegate from class [org.springframework.test.context.cache.DefaultCacheAwareContextLoaderDelegate]
13:18:00.355 [Test worker] DEBUG org.springframework.test.context.BootstrapUtils - Instantiating BootstrapContext using constructor [public org.springframework.test.context.support.DefaultBootstrapContext(java.lang.Class,org.springframework.test.context.CacheAwareContextLoaderDelegate)]
13:18:00.374 [Test worker] DEBUG org.springframework.test.context.BootstrapUtils - Instantiating TestContextBootstrapper for test class [com.trial.prince.web.HelloControllerTest] from class [org.springframework.boot.test.autoconfigure.web.servlet.WebMvcTestContextBootstrapper]
13:18:00.392 [Test worker] INFO org.springframework.boot.test.autoconfigure.web.servlet.WebMvcTestContextBootstrapper - Neither @ContextConfiguration nor @ContextHierarchy found for test class [com.trial.prince.web.HelloControllerTest], using SpringBootContextLoader
13:18:00.395 [Test worker] DEBUG org.springframework.test.context.support.AbstractContextLoader - Did not detect default resource location for test class [com.trial.prince.web.HelloControllerTest]: class path resource [com/trial/prince/web/HelloControllerTest-context.xml] does not exist
13:18:00.395 [Test worker] DEBUG org.springframework.test.context.support.AbstractContextLoader - Did not detect default resource location for test class [com.trial.prince.web.HelloControllerTest]: class path resource [com/trial/prince/web/HelloControllerTestContext.groovy] does not exist
13:18:00.396 [Test worker] INFO org.springframework.test.context.support.AbstractContextLoader - Could not detect default resource locations for test class [com.trial.prince.web.HelloControllerTest]: no resource found for suffixes {-context.xml, Context.groovy}.
13:18:00.397 [Test worker] INFO org.springframework.test.context.support.AnnotationConfigContextLoaderUtils - Could not detect default configuration classes for test class [com.trial.prince.web.HelloControllerTest]: HelloControllerTest does not declare any static, non-private, non-final, nested classes annotated with @Configuration.
13:18:00.464 [Test worker] DEBUG org.springframework.test.context.support.ActiveProfilesUtils - Could not find an 'annotation declaring class' for annotation type [org.springframework.test.context.ActiveProfiles] and class [com.trial.prince.web.HelloControllerTest]
13:18:00.542 [Test worker] DEBUG org.springframework.context.annotation.ClassPathScanningCandidateComponentProvider - Identified candidate component class: file [D:\Trial\build\classes\java\main\com\trial\prince\Application.class]
13:18:00.543 [Test worker] INFO org.springframework.boot.test.context.SpringBootTestContextBootstrapper - Found @SpringBootConfiguration com.trial.prince.Application for test class com.trial.prince.web.HelloControllerTest
13:18:00.545 [Test worker] DEBUG org.springframework.boot.test.autoconfigure.web.servlet.WebMvcTestContextBootstrapper - @TestExecutionListeners is not present for class [com.trial.prince.web.HelloControllerTest]: using defaults.
13:18:00.546 [Test worker] INFO org.springframework.boot.test.autoconfigure.web.servlet.WebMvcTestContextBootstrapper - Loaded default TestExecutionListener class names from location [META-INF/spring.factories]: [org.springframework.security.test.context.support.WithSecurityContextTestExecutionListener, org.springframework.security.test.context.support.ReactorContextTestExecutionListener, org.springframework.boot.test.autoconfigure.restdocs.RestDocsTestExecutionListener, org.springframework.boot.test.autoconfigure.web.client.MockRestServiceServerResetTestExecutionListener, org.springframework.boot.test.autoconfigure.web.servlet.MockMvcPrintOnlyOnFailureTestExecutionListener, org.springframework.boot.test.autoconfigure.web.servlet.WebDriverTestExecutionListener, org.springframework.boot.test.mock.mockito.MockitoTestExecutionListener, org.springframework.boot.test.mock.mockito.ResetMocksTestExecutionListener, org.springframework.test.context.web.ServletTestExecutionListener, org.springframework.test.context.support.DirtiesContextBeforeModesTestExecutionListener, org.springframework.test.context.support.DependencyInjectionTestExecutionListener, org.springframework.test.context.support.DirtiesContextTestExecutionListener, org.springframework.test.context.transaction.TransactionalTestExecutionListener, org.springframework.test.context.jdbc.SqlScriptsTestExecutionListener]
13:18:00.570 [Test worker] INFO org.springframework.boot.test.autoconfigure.web.servlet.WebMvcTestContextBootstrapper - Using TestExecutionListeners: [org.springframework.test.context.web.ServletTestExecutionListener@1aeb4fca, org.springframework.test.context.support.DirtiesContextBeforeModesTestExecutionListener@1a41ce4d, org.springframework.boot.test.mock.mockito.MockitoTestExecutionListener@4f133b64, org.springframework.boot.test.autoconfigure.SpringBootDependencyInjectionTestExecutionListener@2feea235, org.springframework.test.context.support.DirtiesContextTestExecutionListener@6f3b3d1d, org.springframework.test.context.transaction.TransactionalTestExecutionListener@7b1cb511, org.springframework.test.context.jdbc.SqlScriptsTestExecutionListener@2d82790d, org.springframework.security.test.context.support.WithSecurityContextTestExecutionListener@77a79982, org.springframework.security.test.context.support.ReactorContextTestExecutionListener@414291be, org.springframework.boot.test.autoconfigure.restdocs.RestDocsTestExecutionListener@5fe810ba, org.springframework.boot.test.autoconfigure.web.client.MockRestServiceServerResetTestExecutionListener@611c405b, org.springframework.boot.test.autoconfigure.web.servlet.MockMvcPrintOnlyOnFailureTestExecutionListener@2a3cbe73, org.springframework.boot.test.autoconfigure.web.servlet.WebDriverTestExecutionListener@7fa605eb, org.springframework.boot.test.mock.mockito.ResetMocksTestExecutionListener@60d4b765]
13:18:00.573 [Test worker] DEBUG org.springframework.test.annotation.ProfileValueUtils - Retrieved @ProfileValueSourceConfiguration [null] for test class [com.trial.prince.web.HelloControllerTest]
13:18:00.573 [Test worker] DEBUG org.springframework.test.annotation.ProfileValueUtils - Retrieved ProfileValueSource type [class org.springframework.test.annotation.SystemProfileValueSource] for class [com.trial.prince.web.HelloControllerTest]
13:18:00.574 [Test worker] DEBUG org.springframework.test.annotation.ProfileValueUtils - Retrieved @ProfileValueSourceConfiguration [null] for test class [com.trial.prince.web.HelloControllerTest]
13:18:00.574 [Test worker] DEBUG org.springframework.test.annotation.ProfileValueUtils - Retrieved ProfileValueSource type [class org.springframework.test.annotation.SystemProfileValueSource] for class [com.trial.prince.web.HelloControllerTest]
13:18:00.579 [Test worker] DEBUG org.springframework.test.context.support.AbstractDirtiesContextTestExecutionListener - Before test class: context [DefaultTestContext@29987976 testClass = HelloControllerTest, testInstance = [null], testMethod = [null], testException = [null], mergedContextConfiguration = [WebMergedContextConfiguration@74059ae0 testClass = HelloControllerTest, locations = '{}', classes = '{class com.trial.prince.Application}', contextInitializerClasses = '[]', activeProfiles = '{}', propertySourceLocations = '{}', propertySourceProperties = '{org.springframework.boot.test.autoconfigure.web.servlet.WebMvcTestContextBootstrapper=true}', contextCustomizers = set[org.springframework.boot.test.autoconfigure.OverrideAutoConfigurationContextCustomizerFactory$DisableAutoConfigurationContextCustomizer@102e5ceb, org.springframework.boot.test.autoconfigure.filter.TypeExcludeFiltersContextCustomizer@42bfea6, org.springframework.boot.test.autoconfigure.properties.PropertyMappingContextCustomizer@ebc4e3ef, org.springframework.boot.test.autoconfigure.web.servlet.WebDriverContextCustomizerFactory$Customizer@48f45906, [ImportsContextCustomizer@2279f901 key = [org.springframework.boot.autoconfigure.cache.CacheAutoConfiguration, org.springframework.boot.autoconfigure.context.MessageSourceAutoConfiguration, org.springframework.boot.autoconfigure.data.web.SpringDataWebAutoConfiguration, org.springframework.boot.autoconfigure.freemarker.FreeMarkerAutoConfiguration, org.springframework.boot.autoconfigure.groovy.template.GroovyTemplateAutoConfiguration, org.springframework.boot.autoconfigure.gson.GsonAutoConfiguration, org.springframework.boot.autoconfigure.hateoas.HypermediaAutoConfiguration, org.springframework.boot.autoconfigure.http.HttpMessageConvertersAutoConfiguration, org.springframework.boot.autoconfigure.jackson.JacksonAutoConfiguration, org.springframework.boot.autoconfigure.jsonb.JsonbAutoConfiguration, org.springframework.boot.autoconfigure.mustache.MustacheAutoConfiguration, org.springframework.boot.autoconfigure.task.TaskExecutionAutoConfiguration, org.springframework.boot.autoconfigure.thymeleaf.ThymeleafAutoConfiguration, org.springframework.boot.autoconfigure.validation.ValidationAutoConfiguration, org.springframework.boot.autoconfigure.web.servlet.error.ErrorMvcAutoConfiguration, org.springframework.boot.autoconfigure.web.servlet.WebMvcAutoConfiguration, org.springframework.boot.test.autoconfigure.web.servlet.MockMvcAutoConfiguration, org.springframework.boot.test.autoconfigure.web.servlet.MockMvcSecurityAutoConfiguration, org.springframework.boot.test.autoconfigure.web.servlet.MockMvcWebClientAutoConfiguration, org.springframework.boot.test.autoconfigure.web.servlet.MockMvcWebDriverAutoConfiguration]], org.springframework.boot.test.context.filter.ExcludeFilterContextCustomizer@34e3b71c, org.springframework.boot.test.json.DuplicateJsonObjectContextCustomizerFactory$DuplicateJsonObjectContextCustomizer@5fdd4378, org.springframework.boot.test.mock.mockito.MockitoContextCustomizer@0], resourceBasePath = 'src/main/webapp', contextLoader = 'org.springframework.boot.test.context.SpringBootContextLoader', parent = [null]], attributes = map[[empty]]], class annotated with @DirtiesContext [false] with mode [null].
13:18:00.580 [Test worker] DEBUG org.springframework.test.annotation.ProfileValueUtils - Retrieved @ProfileValueSourceConfiguration [null] for test class [com.trial.prince.web.HelloControllerTest]
13:18:00.580 [Test worker] DEBUG org.springframework.test.annotation.ProfileValueUtils - Retrieved ProfileValueSource type [class org.springframework.test.annotation.SystemProfileValueSource] for class [com.trial.prince.web.HelloControllerTest]
13:18:00.584 [Test worker] DEBUG org.springframework.test.context.support.DependencyInjectionTestExecutionListener - Performing dependency injection for test context [[DefaultTestContext@29987976 testClass = HelloControllerTest, testInstance = com.trial.prince.web.HelloControllerTest@6fe191bf, testMethod = [null], testException = [null], mergedContextConfiguration = [WebMergedContextConfiguration@74059ae0 testClass = HelloControllerTest, locations = '{}', classes = '{class com.trial.prince.Application}', contextInitializerClasses = '[]', activeProfiles = '{}', propertySourceLocations = '{}', propertySourceProperties = '{org.springframework.boot.test.autoconfigure.web.servlet.WebMvcTestContextBootstrapper=true}', contextCustomizers = set[org.springframework.boot.test.autoconfigure.OverrideAutoConfigurationContextCustomizerFactory$DisableAutoConfigurationContextCustomizer@102e5ceb, org.springframework.boot.test.autoconfigure.filter.TypeExcludeFiltersContextCustomizer@42bfea6, org.springframework.boot.test.autoconfigure.properties.PropertyMappingContextCustomizer@ebc4e3ef, org.springframework.boot.test.autoconfigure.web.servlet.WebDriverContextCustomizerFactory$Customizer@48f45906, [ImportsContextCustomizer@2279f901 key = [org.springframework.boot.autoconfigure.cache.CacheAutoConfiguration, org.springframework.boot.autoconfigure.context.MessageSourceAutoConfiguration, org.springframework.boot.autoconfigure.data.web.SpringDataWebAutoConfiguration, org.springframework.boot.autoconfigure.freemarker.FreeMarkerAutoConfiguration, org.springframework.boot.autoconfigure.groovy.template.GroovyTemplateAutoConfiguration, org.springframework.boot.autoconfigure.gson.GsonAutoConfiguration, org.springframework.boot.autoconfigure.hateoas.HypermediaAutoConfiguration, org.springframework.boot.autoconfigure.http.HttpMessageConvertersAutoConfiguration, org.springframework.boot.autoconfigure.jackson.JacksonAutoConfiguration, org.springframework.boot.autoconfigure.jsonb.JsonbAutoConfiguration, org.springframework.boot.autoconfigure.mustache.MustacheAutoConfiguration, org.springframework.boot.autoconfigure.task.TaskExecutionAutoConfiguration, org.springframework.boot.autoconfigure.thymeleaf.ThymeleafAutoConfiguration, org.springframework.boot.autoconfigure.validation.ValidationAutoConfiguration, org.springframework.boot.autoconfigure.web.servlet.error.ErrorMvcAutoConfiguration, org.springframework.boot.autoconfigure.web.servlet.WebMvcAutoConfiguration, org.springframework.boot.test.autoconfigure.web.servlet.MockMvcAutoConfiguration, org.springframework.boot.test.autoconfigure.web.servlet.MockMvcSecurityAutoConfiguration, org.springframework.boot.test.autoconfigure.web.servlet.MockMvcWebClientAutoConfiguration, org.springframework.boot.test.autoconfigure.web.servlet.MockMvcWebDriverAutoConfiguration]], org.springframework.boot.test.context.filter.ExcludeFilterContextCustomizer@34e3b71c, org.springframework.boot.test.json.DuplicateJsonObjectContextCustomizerFactory$DuplicateJsonObjectContextCustomizer@5fdd4378, org.springframework.boot.test.mock.mockito.MockitoContextCustomizer@0], resourceBasePath = 'src/main/webapp', contextLoader = 'org.springframework.boot.test.context.SpringBootContextLoader', parent = [null]], attributes = map[[empty]]]].
13:18:00.717 [Test worker] DEBUG org.springframework.test.context.support.TestPropertySourceUtils - Adding inlined properties to environment: {spring.jmx.enabled=false, org.springframework.boot.test.autoconfigure.web.servlet.WebMvcTestContextBootstrapper=true, server.port=-1}

  .   ____          _            __ _ _
 /\\ / ___'_ __ _ _(_)_ __  __ _ \ \ \ \
( ( )\___ | '_ | '_| | '_ \/ _` | \ \ \ \
 \\/  ___)| |_)| | | | | || (_| |  ) ) ) )
  '  |____| .__|_| |_|_| |_\__, | / / / /
 =========|_|==============|___/=/_/_/_/
 :: Spring Boot ::        (v2.1.7.RELEASE)

2021-03-10 13:18:01.010  INFO 1136 --- [    Test worker] c.trial.prince.web.HelloControllerTest   : Starting HelloControllerTest on DESKTOP-EGMHIVU with PID 1136 (started by user in D:\Trial)
2021-03-10 13:18:01.014  INFO 1136 --- [    Test worker] c.trial.prince.web.HelloControllerTest   : No active profile set, falling back to default profiles: default
2021-03-10 13:18:02.391  INFO 1136 --- [    Test worker] o.s.s.concurrent.ThreadPoolTaskExecutor  : Initializing ExecutorService 'applicationTaskExecutor'
2021-03-10 13:18:02.480  INFO 1136 --- [    Test worker] o.s.b.a.w.s.WelcomePageHandlerMapping    : Adding welcome page template: index
2021-03-10 13:18:02.833  INFO 1136 --- [    Test worker] .s.s.UserDetailsServiceAutoConfiguration : 

Using generated security password: 69d141de-1510-440c-b2fa-b1ae224dd616

2021-03-10 13:18:03.129  INFO 1136 --- [    Test worker] o.s.s.web.DefaultSecurityFilterChain     : Creating filter chain: any request, [org.springframework.security.web.context.request.async.WebAsyncManagerIntegrationFilter@3832cf7a, org.springframework.security.web.context.SecurityContextPersistenceFilter@63d364e1, org.springframework.security.web.header.HeaderWriterFilter@4510158a, org.springframework.security.web.csrf.CsrfFilter@51a4b787, org.springframework.security.web.authentication.logout.LogoutFilter@e31adac, org.springframework.security.web.authentication.UsernamePasswordAuthenticationFilter@567e2701, org.springframework.security.web.authentication.ui.DefaultLoginPageGeneratingFilter@1a92e252, org.springframework.security.web.authentication.ui.DefaultLogoutPageGeneratingFilter@32cbee05, org.springframework.security.web.authentication.www.BasicAuthenticationFilter@5acc9cca, org.springframework.security.web.savedrequest.RequestCacheAwareFilter@3d4a1c28, org.springframework.security.web.servletapi.SecurityContextHolderAwareRequestFilter@e028196, org.springframework.security.web.authentication.AnonymousAuthenticationFilter@3464a6bd, org.springframework.security.web.session.SessionManagementFilter@f6fa8a0, org.springframework.security.web.access.ExceptionTranslationFilter@6903e0fb, org.springframework.security.web.access.intercept.FilterSecurityInterceptor@49463292]
2021-03-10 13:18:03.181  INFO 1136 --- [    Test worker] o.s.b.t.m.w.SpringBootMockServletContext : Initializing Spring TestDispatcherServlet ''
2021-03-10 13:18:03.181  INFO 1136 --- [    Test worker] o.s.t.web.servlet.TestDispatcherServlet  : Initializing Servlet ''
2021-03-10 13:18:03.196  INFO 1136 --- [    Test worker] o.s.t.web.servlet.TestDispatcherServlet  : Completed initialization in 15 ms
2021-03-10 13:18:03.245  INFO 1136 --- [    Test worker] c.trial.prince.web.HelloControllerTest   : Started HelloControllerTest in 2.52 seconds (JVM running for 3.665)
]]></system-out>
  <system-err><![CDATA[]]></system-err>
</testsuite>
