<?xml version="1.0" encoding="UTF-8"?>
<testsuite name="com.trial.prince.web.IndexControllerTest" tests="1" skipped="0" failures="0" errors="0" timestamp="2021-03-11T05:23:58" hostname="DESKTOP-EGMHIVU" time="0.157">
  <properties/>
  <testcase name="메인페이지로딩" classname="com.trial.prince.web.IndexControllerTest" time="0.157"/>
  <system-out><![CDATA[2021-03-11 14:23:56.626  INFO 10620 --- [    Test worker] .b.t.c.SpringBootTestContextBootstrapper : Neither @ContextConfiguration nor @ContextHierarchy found for test class [com.trial.prince.web.IndexControllerTest], using SpringBootContextLoader
2021-03-11 14:23:56.627  INFO 10620 --- [    Test worker] o.s.t.c.support.AbstractContextLoader    : Could not detect default resource locations for test class [com.trial.prince.web.IndexControllerTest]: no resource found for suffixes {-context.xml, Context.groovy}.
2021-03-11 14:23:56.627  INFO 10620 --- [    Test worker] t.c.s.AnnotationConfigContextLoaderUtils : Could not detect default configuration classes for test class [com.trial.prince.web.IndexControllerTest]: IndexControllerTest does not declare any static, non-private, non-final, nested classes annotated with @Configuration.
2021-03-11 14:23:56.629  INFO 10620 --- [    Test worker] .b.t.c.SpringBootTestContextBootstrapper : Found @SpringBootConfiguration com.trial.prince.Application for test class com.trial.prince.web.IndexControllerTest
2021-03-11 14:23:56.631  INFO 10620 --- [    Test worker] .b.t.c.SpringBootTestContextBootstrapper : Loaded default TestExecutionListener class names from location [META-INF/spring.factories]: [org.springframework.security.test.context.support.WithSecurityContextTestExecutionListener, org.springframework.security.test.context.support.ReactorContextTestExecutionListener, org.springframework.boot.test.autoconfigure.restdocs.RestDocsTestExecutionListener, org.springframework.boot.test.autoconfigure.web.client.MockRestServiceServerResetTestExecutionListener, org.springframework.boot.test.autoconfigure.web.servlet.MockMvcPrintOnlyOnFailureTestExecutionListener, org.springframework.boot.test.autoconfigure.web.servlet.WebDriverTestExecutionListener, org.springframework.boot.test.mock.mockito.MockitoTestExecutionListener, org.springframework.boot.test.mock.mockito.ResetMocksTestExecutionListener, org.springframework.test.context.web.ServletTestExecutionListener, org.springframework.test.context.support.DirtiesContextBeforeModesTestExecutionListener, org.springframework.test.context.support.DependencyInjectionTestExecutionListener, org.springframework.test.context.support.DirtiesContextTestExecutionListener, org.springframework.test.context.transaction.TransactionalTestExecutionListener, org.springframework.test.context.jdbc.SqlScriptsTestExecutionListener]
2021-03-11 14:23:56.635  INFO 10620 --- [    Test worker] .b.t.c.SpringBootTestContextBootstrapper : Using TestExecutionListeners: [org.springframework.test.context.web.ServletTestExecutionListener@265c9b64, org.springframework.test.context.support.DirtiesContextBeforeModesTestExecutionListener@6a0b2ecc, org.springframework.boot.test.mock.mockito.MockitoTestExecutionListener@76b931e, org.springframework.boot.test.autoconfigure.SpringBootDependencyInjectionTestExecutionListener@191d3f80, org.springframework.test.context.support.DirtiesContextTestExecutionListener@5bd8107c, org.springframework.test.context.transaction.TransactionalTestExecutionListener@68963885, org.springframework.test.context.jdbc.SqlScriptsTestExecutionListener@333eb5ea, org.springframework.security.test.context.support.WithSecurityContextTestExecutionListener@43af7d32, org.springframework.security.test.context.support.ReactorContextTestExecutionListener@58efcecb, org.springframework.boot.test.autoconfigure.restdocs.RestDocsTestExecutionListener@1e49743, org.springframework.boot.test.autoconfigure.web.client.MockRestServiceServerResetTestExecutionListener@4733f370, org.springframework.boot.test.autoconfigure.web.servlet.MockMvcPrintOnlyOnFailureTestExecutionListener@7fcd4049, org.springframework.boot.test.autoconfigure.web.servlet.WebDriverTestExecutionListener@59f240ed, org.springframework.boot.test.mock.mockito.ResetMocksTestExecutionListener@7c098a1f]

  .   ____          _            __ _ _
 /\\ / ___'_ __ _ _(_)_ __  __ _ \ \ \ \
( ( )\___ | '_ | '_| | '_ \/ _` | \ \ \ \
 \\/  ___)| |_)| | | | | || (_| |  ) ) ) )
  '  |____| .__|_| |_|_| |_\__, | / / / /
 =========|_|==============|___/=/_/_/_/
 :: Spring Boot ::        (v2.1.7.RELEASE)

2021-03-11 14:23:56.672  INFO 10620 --- [    Test worker] c.trial.prince.web.IndexControllerTest   : Starting IndexControllerTest on DESKTOP-EGMHIVU with PID 10620 (started by user in D:\Trial)
2021-03-11 14:23:56.672  INFO 10620 --- [    Test worker] c.trial.prince.web.IndexControllerTest   : No active profile set, falling back to default profiles: default
2021-03-11 14:23:56.887  INFO 10620 --- [    Test worker] .s.d.r.c.RepositoryConfigurationDelegate : Bootstrapping Spring Data repositories in DEFAULT mode.
2021-03-11 14:23:56.913  INFO 10620 --- [    Test worker] .s.d.r.c.RepositoryConfigurationDelegate : Finished Spring Data repository scanning in 25ms. Found 2 repository interfaces.
2021-03-11 14:23:57.016  INFO 10620 --- [    Test worker] trationDelegate$BeanPostProcessorChecker : Bean 'org.springframework.transaction.annotation.ProxyTransactionManagementConfiguration' of type [org.springframework.transaction.annotation.ProxyTransactionManagementConfiguration$$EnhancerBySpringCGLIB$$d30edeba] is not eligible for getting processed by all BeanPostProcessors (for example: not eligible for auto-proxying)
2021-03-11 14:23:57.253  INFO 10620 --- [    Test worker] o.s.b.w.embedded.tomcat.TomcatWebServer  : Tomcat initialized with port(s): 0 (http)
2021-03-11 14:23:57.286  INFO 10620 --- [    Test worker] o.apache.catalina.core.StandardService   : Starting service [Tomcat]
2021-03-11 14:23:57.286  INFO 10620 --- [    Test worker] org.apache.catalina.core.StandardEngine  : Starting Servlet engine: [Apache Tomcat/9.0.22]
2021-03-11 14:23:57.444  INFO 10620 --- [    Test worker] o.a.c.c.C.[Tomcat].[localhost].[/]       : Initializing Spring embedded WebApplicationContext
2021-03-11 14:23:57.444  INFO 10620 --- [    Test worker] o.s.web.context.ContextLoader            : Root WebApplicationContext: initialization completed in 768 ms
2021-03-11 14:23:57.614  INFO 10620 --- [    Test worker] com.zaxxer.hikari.HikariDataSource       : HikariPool-2 - Starting...
2021-03-11 14:23:57.615  INFO 10620 --- [    Test worker] com.zaxxer.hikari.HikariDataSource       : HikariPool-2 - Start completed.
2021-03-11 14:23:57.646  INFO 10620 --- [    Test worker] o.hibernate.jpa.internal.util.LogHelper  : HHH000204: Processing PersistenceUnitInfo [
	name: default
	...]
2021-03-11 14:23:57.655  INFO 10620 --- [    Test worker] org.hibernate.dialect.Dialect            : HHH000400: Using dialect: org.hibernate.dialect.MySQL5InnoDBDialect
Hibernate: drop table if exists posts
Hibernate: drop table if exists user
Hibernate: create table posts (id bigint not null auto_increment, created_date datetime, modified_date datetime, author varchar(255), content TEXT not null, title varchar(500) not null, primary key (id)) engine=InnoDB
Hibernate: create table user (id bigint not null auto_increment, created_date datetime, modified_date datetime, email varchar(255) not null, name varchar(255) not null, picture varchar(255), role varchar(255) not null, primary key (id)) engine=InnoDB
2021-03-11 14:23:57.703  INFO 10620 --- [    Test worker] o.h.t.schema.internal.SchemaCreatorImpl  : HHH000476: Executing import script 'org.hibernate.tool.schema.internal.exec.ScriptSourceInputNonExistentImpl@7b0b78f3'
2021-03-11 14:23:57.704  INFO 10620 --- [    Test worker] j.LocalContainerEntityManagerFactoryBean : Initialized JPA EntityManagerFactory for persistence unit 'default'
2021-03-11 14:23:57.996  INFO 10620 --- [    Test worker] o.h.h.i.QueryTranslatorFactoryInitiator  : HHH000397: Using ASTQueryTranslatorFactory
2021-03-11 14:23:58.133  INFO 10620 --- [    Test worker] o.s.s.web.DefaultSecurityFilterChain     : Creating filter chain: any request, [org.springframework.security.web.context.request.async.WebAsyncManagerIntegrationFilter@4748d39b, org.springframework.security.web.context.SecurityContextPersistenceFilter@72d90e31, org.springframework.security.web.header.HeaderWriterFilter@5ae601a3, org.springframework.security.web.authentication.logout.LogoutFilter@2436d64d, org.springframework.security.oauth2.client.web.OAuth2AuthorizationRequestRedirectFilter@4a0bb824, org.springframework.security.oauth2.client.web.OAuth2LoginAuthenticationFilter@7a7ec7a8, org.springframework.security.web.authentication.ui.DefaultLoginPageGeneratingFilter@1ea4fb2e, org.springframework.security.web.authentication.ui.DefaultLogoutPageGeneratingFilter@5f9ddb00, org.springframework.security.web.savedrequest.RequestCacheAwareFilter@16dd7037, org.springframework.security.web.servletapi.SecurityContextHolderAwareRequestFilter@7c5c9056, org.springframework.security.web.authentication.AnonymousAuthenticationFilter@4840924f, org.springframework.security.web.session.SessionManagementFilter@162e869d, org.springframework.security.web.access.ExceptionTranslationFilter@7322e85d, org.springframework.security.web.access.intercept.FilterSecurityInterceptor@1de0a5af]
2021-03-11 14:23:58.324  INFO 10620 --- [    Test worker] o.s.s.concurrent.ThreadPoolTaskExecutor  : Initializing ExecutorService 'applicationTaskExecutor'
2021-03-11 14:23:58.336  WARN 10620 --- [    Test worker] aWebConfiguration$JpaWebMvcConfiguration : spring.jpa.open-in-view is enabled by default. Therefore, database queries may be performed during view rendering. Explicitly configure spring.jpa.open-in-view to disable this warning
2021-03-11 14:23:58.361  INFO 10620 --- [    Test worker] o.s.b.a.w.s.WelcomePageHandlerMapping    : Adding welcome page template: index
2021-03-11 14:23:58.585  INFO 10620 --- [    Test worker] s.a.ScheduledAnnotationBeanPostProcessor : No TaskScheduler/ScheduledExecutorService bean found for scheduled processing
2021-03-11 14:23:58.600  INFO 10620 --- [    Test worker] o.s.b.w.embedded.tomcat.TomcatWebServer  : Tomcat started on port(s): 55604 (http) with context path ''
2021-03-11 14:23:58.601  INFO 10620 --- [    Test worker] c.trial.prince.web.IndexControllerTest   : Started IndexControllerTest in 1.964 seconds (JVM running for 9.733)
2021-03-11 14:23:58.676  INFO 10620 --- [o-auto-1-exec-1] o.a.c.c.C.[Tomcat].[localhost].[/]       : Initializing Spring DispatcherServlet 'dispatcherServlet'
2021-03-11 14:23:58.676  INFO 10620 --- [o-auto-1-exec-1] o.s.web.servlet.DispatcherServlet        : Initializing Servlet 'dispatcherServlet'
2021-03-11 14:23:58.698  INFO 10620 --- [o-auto-1-exec-1] o.s.web.servlet.DispatcherServlet        : Completed initialization in 22 ms
Hibernate: select posts0_.id as id1_0_, posts0_.created_date as created_2_0_, posts0_.modified_date as modified3_0_, posts0_.author as author4_0_, posts0_.content as content5_0_, posts0_.title as title6_0_ from posts posts0_ order by posts0_.id DESC
]]></system-out>
  <system-err><![CDATA[]]></system-err>
</testsuite>
