<?xml version="1.0" encoding="UTF-8"?>
<testsuite name="com.trial.prince.web.PostsApiControllerTest" tests="2" skipped="0" failures="0" errors="0" timestamp="2021-03-10T04:18:10" hostname="DESKTOP-EGMHIVU" time="0.095">
  <properties/>
  <testcase name="Posts등록" classname="com.trial.prince.web.PostsApiControllerTest" time="0.064"/>
  <testcase name="Posts수정" classname="com.trial.prince.web.PostsApiControllerTest" time="0.031"/>
  <system-out><![CDATA[2021-03-10 13:18:10.513  INFO 1136 --- [    Test worker] .b.t.c.SpringBootTestContextBootstrapper : Neither @ContextConfiguration nor @ContextHierarchy found for test class [com.trial.prince.web.PostsApiControllerTest], using SpringBootContextLoader
2021-03-10 13:18:10.513  INFO 1136 --- [    Test worker] o.s.t.c.support.AbstractContextLoader    : Could not detect default resource locations for test class [com.trial.prince.web.PostsApiControllerTest]: no resource found for suffixes {-context.xml, Context.groovy}.
2021-03-10 13:18:10.513  INFO 1136 --- [    Test worker] t.c.s.AnnotationConfigContextLoaderUtils : Could not detect default configuration classes for test class [com.trial.prince.web.PostsApiControllerTest]: PostsApiControllerTest does not declare any static, non-private, non-final, nested classes annotated with @Configuration.
2021-03-10 13:18:10.515  INFO 1136 --- [    Test worker] .b.t.c.SpringBootTestContextBootstrapper : Found @SpringBootConfiguration com.trial.prince.Application for test class com.trial.prince.web.PostsApiControllerTest
2021-03-10 13:18:10.516  INFO 1136 --- [    Test worker] .b.t.c.SpringBootTestContextBootstrapper : Loaded default TestExecutionListener class names from location [META-INF/spring.factories]: [org.springframework.security.test.context.support.WithSecurityContextTestExecutionListener, org.springframework.security.test.context.support.ReactorContextTestExecutionListener, org.springframework.boot.test.autoconfigure.restdocs.RestDocsTestExecutionListener, org.springframework.boot.test.autoconfigure.web.client.MockRestServiceServerResetTestExecutionListener, org.springframework.boot.test.autoconfigure.web.servlet.MockMvcPrintOnlyOnFailureTestExecutionListener, org.springframework.boot.test.autoconfigure.web.servlet.WebDriverTestExecutionListener, org.springframework.boot.test.mock.mockito.MockitoTestExecutionListener, org.springframework.boot.test.mock.mockito.ResetMocksTestExecutionListener, org.springframework.test.context.web.ServletTestExecutionListener, org.springframework.test.context.support.DirtiesContextBeforeModesTestExecutionListener, org.springframework.test.context.support.DependencyInjectionTestExecutionListener, org.springframework.test.context.support.DirtiesContextTestExecutionListener, org.springframework.test.context.transaction.TransactionalTestExecutionListener, org.springframework.test.context.jdbc.SqlScriptsTestExecutionListener]
2021-03-10 13:18:10.517  INFO 1136 --- [    Test worker] .b.t.c.SpringBootTestContextBootstrapper : Using TestExecutionListeners: [org.springframework.test.context.web.ServletTestExecutionListener@76d29386, org.springframework.test.context.support.DirtiesContextBeforeModesTestExecutionListener@654f6310, org.springframework.boot.test.mock.mockito.MockitoTestExecutionListener@450b569, org.springframework.boot.test.autoconfigure.SpringBootDependencyInjectionTestExecutionListener@1d95225e, org.springframework.test.context.support.DirtiesContextTestExecutionListener@7fb9dcc9, org.springframework.test.context.transaction.TransactionalTestExecutionListener@61f077cd, org.springframework.test.context.jdbc.SqlScriptsTestExecutionListener@600a6d67, org.springframework.security.test.context.support.WithSecurityContextTestExecutionListener@54b924ea, org.springframework.security.test.context.support.ReactorContextTestExecutionListener@65d7f520, org.springframework.boot.test.autoconfigure.restdocs.RestDocsTestExecutionListener@7fbb848, org.springframework.boot.test.autoconfigure.web.client.MockRestServiceServerResetTestExecutionListener@34299c85, org.springframework.boot.test.autoconfigure.web.servlet.MockMvcPrintOnlyOnFailureTestExecutionListener@29aa709e, org.springframework.boot.test.autoconfigure.web.servlet.WebDriverTestExecutionListener@738efe7e, org.springframework.boot.test.mock.mockito.ResetMocksTestExecutionListener@29ed31bf]
2021-03-10 13:18:10.525  INFO 1136 --- [    Test worker] o.a.c.c.C.[Tomcat].[localhost].[/]       : Initializing Spring TestDispatcherServlet ''
2021-03-10 13:18:10.525  INFO 1136 --- [    Test worker] o.s.t.web.servlet.TestDispatcherServlet  : Initializing Servlet ''
2021-03-10 13:18:10.527  INFO 1136 --- [    Test worker] o.s.t.web.servlet.TestDispatcherServlet  : Completed initialization in 2 ms
Hibernate: insert into posts (created_date, modified_date, author, content, title) values (?, ?, ?, ?, ?)
Hibernate: select posts0_.id as id1_0_, posts0_.created_date as created_2_0_, posts0_.modified_date as modified3_0_, posts0_.author as author4_0_, posts0_.content as content5_0_, posts0_.title as title6_0_ from posts posts0_
Hibernate: select posts0_.id as id1_0_, posts0_.created_date as created_2_0_, posts0_.modified_date as modified3_0_, posts0_.author as author4_0_, posts0_.content as content5_0_, posts0_.title as title6_0_ from posts posts0_
Hibernate: delete from posts where id=?
2021-03-10 13:18:10.588  INFO 1136 --- [    Test worker] o.a.c.c.C.[Tomcat].[localhost].[/]       : Initializing Spring TestDispatcherServlet ''
2021-03-10 13:18:10.588  INFO 1136 --- [    Test worker] o.s.t.web.servlet.TestDispatcherServlet  : Initializing Servlet ''
2021-03-10 13:18:10.590  INFO 1136 --- [    Test worker] o.s.t.web.servlet.TestDispatcherServlet  : Completed initialization in 2 ms
Hibernate: insert into posts (created_date, modified_date, author, content, title) values (?, ?, ?, ?, ?)
Hibernate: select posts0_.id as id1_0_0_, posts0_.created_date as created_2_0_0_, posts0_.modified_date as modified3_0_0_, posts0_.author as author4_0_0_, posts0_.content as content5_0_0_, posts0_.title as title6_0_0_ from posts posts0_ where posts0_.id=?
Hibernate: update posts set created_date=?, modified_date=?, author=?, content=?, title=? where id=?
Hibernate: select posts0_.id as id1_0_, posts0_.created_date as created_2_0_, posts0_.modified_date as modified3_0_, posts0_.author as author4_0_, posts0_.content as content5_0_, posts0_.title as title6_0_ from posts posts0_
Hibernate: select posts0_.id as id1_0_, posts0_.created_date as created_2_0_, posts0_.modified_date as modified3_0_, posts0_.author as author4_0_, posts0_.content as content5_0_, posts0_.title as title6_0_ from posts posts0_
Hibernate: delete from posts where id=?
]]></system-out>
  <system-err><![CDATA[]]></system-err>
</testsuite>
