<?xml version="1.0" encoding="UTF-8"?>
<testsuite name="com.trial.prince.web.IndexControllerTest" tests="1" skipped="0" failures="0" errors="0" timestamp="2021-03-10T04:18:10" hostname="DESKTOP-EGMHIVU" time="0.2">
  <properties/>
  <testcase name="메인페이지로딩" classname="com.trial.prince.web.IndexControllerTest" time="0.2"/>
  <system-out><![CDATA[2021-03-10 13:18:08.202  INFO 1136 --- [    Test worker] .b.t.c.SpringBootTestContextBootstrapper : Neither @ContextConfiguration nor @ContextHierarchy found for test class [com.trial.prince.web.IndexControllerTest], using SpringBootContextLoader
2021-03-10 13:18:08.202  INFO 1136 --- [    Test worker] o.s.t.c.support.AbstractContextLoader    : Could not detect default resource locations for test class [com.trial.prince.web.IndexControllerTest]: no resource found for suffixes {-context.xml, Context.groovy}.
2021-03-10 13:18:08.202  INFO 1136 --- [    Test worker] t.c.s.AnnotationConfigContextLoaderUtils : Could not detect default configuration classes for test class [com.trial.prince.web.IndexControllerTest]: IndexControllerTest does not declare any static, non-private, non-final, nested classes annotated with @Configuration.
2021-03-10 13:18:08.204  INFO 1136 --- [    Test worker] .b.t.c.SpringBootTestContextBootstrapper : Found @SpringBootConfiguration com.trial.prince.Application for test class com.trial.prince.web.IndexControllerTest
2021-03-10 13:18:08.205  INFO 1136 --- [    Test worker] .b.t.c.SpringBootTestContextBootstrapper : Loaded default TestExecutionListener class names from location [META-INF/spring.factories]: [org.springframework.security.test.context.support.WithSecurityContextTestExecutionListener, org.springframework.security.test.context.support.ReactorContextTestExecutionListener, org.springframework.boot.test.autoconfigure.restdocs.RestDocsTestExecutionListener, org.springframework.boot.test.autoconfigure.web.client.MockRestServiceServerResetTestExecutionListener, org.springframework.boot.test.autoconfigure.web.servlet.MockMvcPrintOnlyOnFailureTestExecutionListener, org.springframework.boot.test.autoconfigure.web.servlet.WebDriverTestExecutionListener, org.springframework.boot.test.mock.mockito.MockitoTestExecutionListener, org.springframework.boot.test.mock.mockito.ResetMocksTestExecutionListener, org.springframework.test.context.web.ServletTestExecutionListener, org.springframework.test.context.support.DirtiesContextBeforeModesTestExecutionListener, org.springframework.test.context.support.DependencyInjectionTestExecutionListener, org.springframework.test.context.support.DirtiesContextTestExecutionListener, org.springframework.test.context.transaction.TransactionalTestExecutionListener, org.springframework.test.context.jdbc.SqlScriptsTestExecutionListener]
2021-03-10 13:18:08.206  INFO 1136 --- [    Test worker] .b.t.c.SpringBootTestContextBootstrapper : Using TestExecutionListeners: [org.springframework.test.context.web.ServletTestExecutionListener@76b931e, org.springframework.test.context.support.DirtiesContextBeforeModesTestExecutionListener@191d3f80, org.springframework.boot.test.mock.mockito.MockitoTestExecutionListener@5bd8107c, org.springframework.boot.test.autoconfigure.SpringBootDependencyInjectionTestExecutionListener@68963885, org.springframework.test.context.support.DirtiesContextTestExecutionListener@333eb5ea, org.springframework.test.context.transaction.TransactionalTestExecutionListener@43af7d32, org.springframework.test.context.jdbc.SqlScriptsTestExecutionListener@58efcecb, org.springframework.security.test.context.support.WithSecurityContextTestExecutionListener@1e49743, org.springframework.security.test.context.support.ReactorContextTestExecutionListener@4733f370, org.springframework.boot.test.autoconfigure.restdocs.RestDocsTestExecutionListener@7fcd4049, org.springframework.boot.test.autoconfigure.web.client.MockRestServiceServerResetTestExecutionListener@59f240ed, org.springframework.boot.test.autoconfigure.web.servlet.MockMvcPrintOnlyOnFailureTestExecutionListener@7c098a1f, org.springframework.boot.test.autoconfigure.web.servlet.WebDriverTestExecutionListener@24f95e9d, org.springframework.boot.test.mock.mockito.ResetMocksTestExecutionListener@31239d43]

  .   ____          _            __ _ _
 /\\ / ___'_ __ _ _(_)_ __  __ _ \ \ \ \
( ( )\___ | '_ | '_| | '_ \/ _` | \ \ \ \
 \\/  ___)| |_)| | | | | || (_| |  ) ) ) )
  '  |____| .__|_| |_|_| |_\__, | / / / /
 =========|_|==============|___/=/_/_/_/
 :: Spring Boot ::        (v2.1.7.RELEASE)

2021-03-10 13:18:08.261  INFO 1136 --- [    Test worker] c.trial.prince.web.IndexControllerTest   : Starting IndexControllerTest on DESKTOP-EGMHIVU with PID 1136 (started by user in D:\Trial)
2021-03-10 13:18:08.261  INFO 1136 --- [    Test worker] c.trial.prince.web.IndexControllerTest   : No active profile set, falling back to default profiles: default
2021-03-10 13:18:08.467  INFO 1136 --- [    Test worker] .s.d.r.c.RepositoryConfigurationDelegate : Bootstrapping Spring Data repositories in DEFAULT mode.
2021-03-10 13:18:08.483  INFO 1136 --- [    Test worker] .s.d.r.c.RepositoryConfigurationDelegate : Finished Spring Data repository scanning in 16ms. Found 2 repository interfaces.
2021-03-10 13:18:08.592  INFO 1136 --- [    Test worker] trationDelegate$BeanPostProcessorChecker : Bean 'org.springframework.transaction.annotation.ProxyTransactionManagementConfiguration' of type [org.springframework.transaction.annotation.ProxyTransactionManagementConfiguration$$EnhancerBySpringCGLIB$$35b394c9] is not eligible for getting processed by all BeanPostProcessors (for example: not eligible for auto-proxying)
2021-03-10 13:18:08.835  INFO 1136 --- [    Test worker] o.s.b.w.embedded.tomcat.TomcatWebServer  : Tomcat initialized with port(s): 0 (http)
2021-03-10 13:18:08.863  INFO 1136 --- [    Test worker] o.apache.catalina.core.StandardService   : Starting service [Tomcat]
2021-03-10 13:18:08.863  INFO 1136 --- [    Test worker] org.apache.catalina.core.StandardEngine  : Starting Servlet engine: [Apache Tomcat/9.0.22]
2021-03-10 13:18:09.044  INFO 1136 --- [    Test worker] o.a.c.c.C.[Tomcat].[localhost].[/]       : Initializing Spring embedded WebApplicationContext
2021-03-10 13:18:09.045  INFO 1136 --- [    Test worker] o.s.web.context.ContextLoader            : Root WebApplicationContext: initialization completed in 781 ms
2021-03-10 13:18:09.234  INFO 1136 --- [    Test worker] com.zaxxer.hikari.HikariDataSource       : HikariPool-2 - Starting...
2021-03-10 13:18:09.235  INFO 1136 --- [    Test worker] com.zaxxer.hikari.HikariDataSource       : HikariPool-2 - Start completed.
2021-03-10 13:18:09.268  INFO 1136 --- [    Test worker] o.hibernate.jpa.internal.util.LogHelper  : HHH000204: Processing PersistenceUnitInfo [
	name: default
	...]
2021-03-10 13:18:09.277  INFO 1136 --- [    Test worker] org.hibernate.dialect.Dialect            : HHH000400: Using dialect: org.hibernate.dialect.MySQL5InnoDBDialect
Hibernate: drop table if exists posts
Hibernate: drop table if exists user
Hibernate: create table posts (id bigint not null auto_increment, created_date datetime, modified_date datetime, author varchar(255), content TEXT not null, title varchar(500) not null, primary key (id)) engine=InnoDB
Hibernate: create table user (id bigint not null auto_increment, created_date datetime, modified_date datetime, email varchar(255) not null, name varchar(255) not null, picture varchar(255), role varchar(255) not null, primary key (id)) engine=InnoDB
2021-03-10 13:18:09.340  INFO 1136 --- [    Test worker] o.h.t.schema.internal.SchemaCreatorImpl  : HHH000476: Executing import script 'org.hibernate.tool.schema.internal.exec.ScriptSourceInputNonExistentImpl@57f7622'
2021-03-10 13:18:09.341  INFO 1136 --- [    Test worker] j.LocalContainerEntityManagerFactoryBean : Initialized JPA EntityManagerFactory for persistence unit 'default'
2021-03-10 13:18:09.658  INFO 1136 --- [    Test worker] o.h.h.i.QueryTranslatorFactoryInitiator  : HHH000397: Using ASTQueryTranslatorFactory
2021-03-10 13:18:09.795  INFO 1136 --- [    Test worker] o.s.s.web.DefaultSecurityFilterChain     : Creating filter chain: any request, [org.springframework.security.web.context.request.async.WebAsyncManagerIntegrationFilter@4748d39b, org.springframework.security.web.context.SecurityContextPersistenceFilter@72d90e31, org.springframework.security.web.header.HeaderWriterFilter@5ae601a3, org.springframework.security.web.authentication.logout.LogoutFilter@2436d64d, org.springframework.security.oauth2.client.web.OAuth2AuthorizationRequestRedirectFilter@4a0bb824, org.springframework.security.oauth2.client.web.OAuth2LoginAuthenticationFilter@7a7ec7a8, org.springframework.security.web.authentication.ui.DefaultLoginPageGeneratingFilter@1ea4fb2e, org.springframework.security.web.authentication.ui.DefaultLogoutPageGeneratingFilter@5f9ddb00, org.springframework.security.web.savedrequest.RequestCacheAwareFilter@16dd7037, org.springframework.security.web.servletapi.SecurityContextHolderAwareRequestFilter@7c5c9056, org.springframework.security.web.authentication.AnonymousAuthenticationFilter@4840924f, org.springframework.security.web.session.SessionManagementFilter@162e869d, org.springframework.security.web.access.ExceptionTranslationFilter@7322e85d, org.springframework.security.web.access.intercept.FilterSecurityInterceptor@1de0a5af]
2021-03-10 13:18:09.981  INFO 1136 --- [    Test worker] o.s.s.concurrent.ThreadPoolTaskExecutor  : Initializing ExecutorService 'applicationTaskExecutor'
2021-03-10 13:18:09.994  WARN 1136 --- [    Test worker] aWebConfiguration$JpaWebMvcConfiguration : spring.jpa.open-in-view is enabled by default. Therefore, database queries may be performed during view rendering. Explicitly configure spring.jpa.open-in-view to disable this warning
2021-03-10 13:18:10.023  INFO 1136 --- [    Test worker] o.s.b.a.w.s.WelcomePageHandlerMapping    : Adding welcome page template: index
2021-03-10 13:18:10.281  INFO 1136 --- [    Test worker] s.a.ScheduledAnnotationBeanPostProcessor : No TaskScheduler/ScheduledExecutorService bean found for scheduled processing
2021-03-10 13:18:10.303  INFO 1136 --- [    Test worker] o.s.b.w.embedded.tomcat.TomcatWebServer  : Tomcat started on port(s): 56629 (http) with context path ''
2021-03-10 13:18:10.304  INFO 1136 --- [    Test worker] c.trial.prince.web.IndexControllerTest   : Started IndexControllerTest in 2.094 seconds (JVM running for 10.724)
2021-03-10 13:18:10.405  INFO 1136 --- [o-auto-1-exec-1] o.a.c.c.C.[Tomcat].[localhost].[/]       : Initializing Spring DispatcherServlet 'dispatcherServlet'
2021-03-10 13:18:10.405  INFO 1136 --- [o-auto-1-exec-1] o.s.web.servlet.DispatcherServlet        : Initializing Servlet 'dispatcherServlet'
2021-03-10 13:18:10.431  INFO 1136 --- [o-auto-1-exec-1] o.s.web.servlet.DispatcherServlet        : Completed initialization in 26 ms
Hibernate: select posts0_.id as id1_0_, posts0_.created_date as created_2_0_, posts0_.modified_date as modified3_0_, posts0_.author as author4_0_, posts0_.content as content5_0_, posts0_.title as title6_0_ from posts posts0_ order by posts0_.id DESC
]]></system-out>
  <system-err><![CDATA[]]></system-err>
</testsuite>
