<?xml version="1.0" encoding="UTF-8"?>
<testsuite name="com.trial.prince.web.HelloControllerTest" tests="2" skipped="0" failures="0" errors="0" timestamp="2021-03-11T05:23:56" hostname="DESKTOP-EGMHIVU" time="0.155">
  <properties/>
  <testcase name="helloDto리턴" classname="com.trial.prince.web.HelloControllerTest" time="0.145"/>
  <testcase name="hello리턴" classname="com.trial.prince.web.HelloControllerTest" time="0.01"/>
  <system-out><![CDATA[2021-03-11 14:23:55.518  INFO 10620 --- [    Test worker] .b.t.a.w.s.WebMvcTestContextBootstrapper : Neither @ContextConfiguration nor @ContextHierarchy found for test class [com.trial.prince.web.HelloControllerTest], using SpringBootContextLoader
2021-03-11 14:23:55.520  INFO 10620 --- [    Test worker] o.s.t.c.support.AbstractContextLoader    : Could not detect default resource locations for test class [com.trial.prince.web.HelloControllerTest]: no resource found for suffixes {-context.xml, Context.groovy}.
2021-03-11 14:23:55.520  INFO 10620 --- [    Test worker] t.c.s.AnnotationConfigContextLoaderUtils : Could not detect default configuration classes for test class [com.trial.prince.web.HelloControllerTest]: HelloControllerTest does not declare any static, non-private, non-final, nested classes annotated with @Configuration.
2021-03-11 14:23:55.549  INFO 10620 --- [    Test worker] .b.t.c.SpringBootTestContextBootstrapper : Found @SpringBootConfiguration com.trial.prince.Application for test class com.trial.prince.web.HelloControllerTest
2021-03-11 14:23:55.549  INFO 10620 --- [    Test worker] .b.t.a.w.s.WebMvcTestContextBootstrapper : Loaded default TestExecutionListener class names from location [META-INF/spring.factories]: [org.springframework.security.test.context.support.WithSecurityContextTestExecutionListener, org.springframework.security.test.context.support.ReactorContextTestExecutionListener, org.springframework.boot.test.autoconfigure.restdocs.RestDocsTestExecutionListener, org.springframework.boot.test.autoconfigure.web.client.MockRestServiceServerResetTestExecutionListener, org.springframework.boot.test.autoconfigure.web.servlet.MockMvcPrintOnlyOnFailureTestExecutionListener, org.springframework.boot.test.autoconfigure.web.servlet.WebDriverTestExecutionListener, org.springframework.boot.test.mock.mockito.MockitoTestExecutionListener, org.springframework.boot.test.mock.mockito.ResetMocksTestExecutionListener, org.springframework.test.context.web.ServletTestExecutionListener, org.springframework.test.context.support.DirtiesContextBeforeModesTestExecutionListener, org.springframework.test.context.support.DependencyInjectionTestExecutionListener, org.springframework.test.context.support.DirtiesContextTestExecutionListener, org.springframework.test.context.transaction.TransactionalTestExecutionListener, org.springframework.test.context.jdbc.SqlScriptsTestExecutionListener]
2021-03-11 14:23:55.551  INFO 10620 --- [    Test worker] .b.t.a.w.s.WebMvcTestContextBootstrapper : Using TestExecutionListeners: [org.springframework.test.context.web.ServletTestExecutionListener@1e3d104d, org.springframework.test.context.support.DirtiesContextBeforeModesTestExecutionListener@2ae4a159, org.springframework.boot.test.mock.mockito.MockitoTestExecutionListener@1be966fe, org.springframework.boot.test.autoconfigure.SpringBootDependencyInjectionTestExecutionListener@32df0b93, org.springframework.test.context.support.DirtiesContextTestExecutionListener@4416cafd, org.springframework.test.context.transaction.TransactionalTestExecutionListener@4b77454f, org.springframework.test.context.jdbc.SqlScriptsTestExecutionListener@1b791449, org.springframework.security.test.context.support.WithSecurityContextTestExecutionListener@51300726, org.springframework.security.test.context.support.ReactorContextTestExecutionListener@23837edf, org.springframework.boot.test.autoconfigure.restdocs.RestDocsTestExecutionListener@52af1add, org.springframework.boot.test.autoconfigure.web.client.MockRestServiceServerResetTestExecutionListener@1a7979d, org.springframework.boot.test.autoconfigure.web.servlet.MockMvcPrintOnlyOnFailureTestExecutionListener@50ffb9b8, org.springframework.boot.test.autoconfigure.web.servlet.WebDriverTestExecutionListener@68b250fe, org.springframework.boot.test.mock.mockito.ResetMocksTestExecutionListener@42e1c6c7]

  .   ____          _            __ _ _
 /\\ / ___'_ __ _ _(_)_ __  __ _ \ \ \ \
( ( )\___ | '_ | '_| | '_ \/ _` | \ \ \ \
 \\/  ___)| |_)| | | | | || (_| |  ) ) ) )
  '  |____| .__|_| |_|_| |_\__, | / / / /
 =========|_|==============|___/=/_/_/_/
 :: Spring Boot ::        (v2.1.7.RELEASE)

2021-03-11 14:23:55.578  INFO 10620 --- [    Test worker] c.trial.prince.web.HelloControllerTest   : Starting HelloControllerTest on DESKTOP-EGMHIVU with PID 10620 (started by user in D:\Trial)
2021-03-11 14:23:55.579  INFO 10620 --- [    Test worker] c.trial.prince.web.HelloControllerTest   : No active profile set, falling back to default profiles: default
2021-03-11 14:23:56.031  INFO 10620 --- [    Test worker] o.s.s.concurrent.ThreadPoolTaskExecutor  : Initializing ExecutorService 'applicationTaskExecutor'
2021-03-11 14:23:56.063  INFO 10620 --- [    Test worker] o.s.b.a.w.s.WelcomePageHandlerMapping    : Adding welcome page template: index
2021-03-11 14:23:56.260  INFO 10620 --- [    Test worker] .s.s.UserDetailsServiceAutoConfiguration : 

Using generated security password: 86e4e5b3-606c-482b-be6a-5f87fc89343f

2021-03-11 14:23:56.381  INFO 10620 --- [    Test worker] o.s.s.web.DefaultSecurityFilterChain     : Creating filter chain: any request, [org.springframework.security.web.context.request.async.WebAsyncManagerIntegrationFilter@5b991eef, org.springframework.security.web.context.SecurityContextPersistenceFilter@36d0dc05, org.springframework.security.web.header.HeaderWriterFilter@24d3d9d7, org.springframework.security.web.csrf.CsrfFilter@56b4d6d6, org.springframework.security.web.authentication.logout.LogoutFilter@36092eeb, org.springframework.security.web.authentication.UsernamePasswordAuthenticationFilter@39fb8a12, org.springframework.security.web.authentication.ui.DefaultLoginPageGeneratingFilter@72ea651, org.springframework.security.web.authentication.ui.DefaultLogoutPageGeneratingFilter@4450c7f3, org.springframework.security.web.authentication.www.BasicAuthenticationFilter@547b6b45, org.springframework.security.web.savedrequest.RequestCacheAwareFilter@643ef21f, org.springframework.security.web.servletapi.SecurityContextHolderAwareRequestFilter@5e19822e, org.springframework.security.web.authentication.AnonymousAuthenticationFilter@4b7ebd7f, org.springframework.security.web.session.SessionManagementFilter@5421a9fd, org.springframework.security.web.access.ExceptionTranslationFilter@231e3454, org.springframework.security.web.access.intercept.FilterSecurityInterceptor@45321543]
2021-03-11 14:23:56.414  INFO 10620 --- [    Test worker] o.s.b.t.m.w.SpringBootMockServletContext : Initializing Spring TestDispatcherServlet ''
2021-03-11 14:23:56.414  INFO 10620 --- [    Test worker] o.s.t.web.servlet.TestDispatcherServlet  : Initializing Servlet ''
2021-03-11 14:23:56.432  INFO 10620 --- [    Test worker] o.s.t.web.servlet.TestDispatcherServlet  : Completed initialization in 17 ms
2021-03-11 14:23:56.464  INFO 10620 --- [    Test worker] c.trial.prince.web.HelloControllerTest   : Started HelloControllerTest in 0.911 seconds (JVM running for 7.597)
]]></system-out>
  <system-err><![CDATA[]]></system-err>
</testsuite>
